d:\游戏程序设计\sfmltetris\sfmltetris\sfmltetris\debug\vc141.pdb
d:\游戏程序设计\sfmltetris\sfmltetris\sfmltetris\debug\vc141.idb
d:\游戏程序设计\sfmltetris\sfmltetris\sfmltetris\debug\tinyxmlparser.obj
d:\游戏程序设计\sfmltetris\sfmltetris\sfmltetris\debug\tinyxmlerror.obj
d:\游戏程序设计\sfmltetris\sfmltetris\sfmltetris\debug\tinyxml.obj
d:\游戏程序设计\sfmltetris\sfmltetris\sfmltetris\debug\tinystr.obj
d:\游戏程序设计\sfmltetris\sfmltetris\sfmltetris\debug\sfmltetris.obj
d:\游戏程序设计\sfmltetris\sfmltetris\sfmltetris\debug\main.obj
d:\游戏程序设计\sfmltetris\sfmltetris\sfmltetris\debug\button.obj
d:\游戏程序设计\sfmltetris\sfmltetris\sfmltetris\debug\game.obj
d:\游戏程序设计\sfmltetris\sfmltetris\sfmltetris\debug\uilityxml.obj
d:\游戏程序设计\sfmltetris\sfmltetris\sfmltetris\debug\answermodule.obj
d:\游戏程序设计\sfmltetris\sfmltetris\sfmltetris\debug\utility.obj
d:\游戏程序设计\sfmltetris\sfmltetris\sfmltetris\debug\soundmanager.obj
d:\游戏程序设计\sfmltetris\sfmltetris\debug\sfmltetris.exe
d:\游戏程序设计\sfmltetris\sfmltetris\debug\sfmltetris.ilk
d:\游戏程序设计\sfmltetris\sfmltetris\debug\sfmltetris.pdb
d:\游戏程序设计\sfmltetris\sfmltetris\sfmltetris\debug\sfmltetris.tlog\cl.command.1.tlog
d:\游戏程序设计\sfmltetris\sfmltetris\sfmltetris\debug\sfmltetris.tlog\cl.read.1.tlog
d:\游戏程序设计\sfmltetris\sfmltetris\sfmltetris\debug\sfmltetris.tlog\cl.write.1.tlog
d:\游戏程序设计\sfmltetris\sfmltetris\sfmltetris\debug\sfmltetris.tlog\link.command.1.tlog
d:\游戏程序设计\sfmltetris\sfmltetris\sfmltetris\debug\sfmltetris.tlog\link.read.1.tlog
d:\游戏程序设计\sfmltetris\sfmltetris\sfmltetris\debug\sfmltetris.tlog\link.write.1.tlog
